2016-10-20 14:47:20,698 simNo : 347526091
2016-10-20 14:47:22,786 <Response [415]>
2016-10-20 14:48:23,960 simNo : 347526091
2016-10-20 14:48:24,819 <Response [415]>
2016-10-20 15:19:24,065 simNo : 347526091
2016-10-20 15:20:40,909 simNo : 347526091
2016-10-20 15:20:53,174 simNo : 347526091
2016-10-20 15:21:07,684 simNo : 347526091
2016-10-20 15:21:50,488 simNo : 347526091
2016-10-20 15:22:02,419 simNo : 347526091
2016-10-20 15:25:35,310 simNo : 347526091
2016-10-20 15:40:51,967 simNo : 347526091
2016-10-21 10:58:38,324 simNo : 347526091
2016-10-21 10:59:06,535 simNo : 347526091
2016-10-21 11:00:09,641 simNo : 347526091
2016-10-21 11:01:14,080 simNo : 347526091
2016-10-21 12:17:41,893 simNo : 347526091
2016-10-21 18:40:40,116 simNo : 347526091
2016-10-26 11:12:16,156 simNo : 347526091
2016-11-07 11:32:30,832  * Debugger is active!
2016-11-07 11:32:43,854  * Debugger is active!
2016-11-07 11:33:22,099  * Debugger is active!
2016-11-07 11:36:13,908  * Debugger is active!
2016-11-07 11:36:25,749 172.31.21.237
2016-11-07 11:36:25,749 5000
2016-11-07 11:36:25,749 Environment : environment.qa 
2016-11-07 13:01:47,748  * Debugger is active!
2016-11-07 13:03:47,097 ImmutableMultiDict([('driverIds', u''), ('routeIds', u''), ('TripId', u''), ('frequency', u''), ('oldTrip', u'')])
2016-11-07 13:03:47,100 ASDFFADSFASD : 0 
2016-11-07 13:04:20,529 ImmutableMultiDict([('driverIds', u''), ('routeIds', u''), ('TripId', u''), ('frequency', u''), ('oldTrip', u'')])
2016-11-07 13:04:20,570 ASDFFADSFASD : 1 
2016-11-07 13:04:39,179  * Debugger is active!
2016-11-07 13:04:49,825  * Debugger is active!
2016-11-07 13:04:58,908 ImmutableMultiDict([('driverIds', u''), ('routeIds', u''), ('TripId', u''), ('frequency', u''), ('oldTrip', u'')])
2016-11-07 13:04:58,909 ASDFFADSFASD : 0 
2016-11-07 13:06:36,012  * Debugger is active!
2016-11-07 13:06:43,923 ImmutableMultiDict([('driverIds', u''), ('routeIds', u''), ('TripId', u''), ('frequency', u''), ('oldTrip', u'')])
2016-11-07 13:06:43,923 ASDFFADSFASD : 0 
2016-11-07 13:07:01,298 ImmutableMultiDict([('driverIds', u''), ('routeIds', u''), ('TripId', u''), ('frequency', u''), ('oldTrip', u'')])
2016-11-07 13:07:01,298 ASDFFADSFASD : 1 
2016-11-07 13:12:03,409 ImmutableMultiDict([('driverIds', u''), ('routeIds', u''), ('TripId', u''), ('frequency', u''), ('oldTrip', u'')])
2016-11-07 13:12:03,410 ASDFFADSFASD : 2 
2016-11-07 13:13:28,997 ImmutableMultiDict([('username', u''), ('password', u'')])
2016-11-07 18:23:26,761  * Debugger is active!
2016-11-10 11:28:51,946  * Debugger is active!
2016-11-11 15:45:54,625  * Debugger is active!
2016-11-11 15:49:59,306  * Debugger is active!
